[2026-06-03 13:32:33] GET /api/auth/me - Status: 401 - Cookie: None - Time: 2.05ms
[2026-06-03 13:32:33] POST /api/auth/google-login - Status: 200 - Cookie: None - Time: 17.10ms
[2026-06-03 13:32:33] GET /api/auth/me - Status: 200 - Cookie: session_id=eyJhbGciOiJIUzI1NiIsInR5cCI6IkpXVCJ9.eyJzZXNzaW9uX2lkIjoiNmEyMDY1MzE2MmI3NjNkYjM0ODNhZTk2IiwiZXhwIjoxNzgxMTEyNzUzfQ.H7mGTHJvcUfalJBPHJnt775uxDIAOxHGCgqtngojddk - Time: 4.68ms
[2026-06-03 13:32:33] POST /api/auth/logout - Status: 200 - Cookie: session_id=eyJhbGciOiJIUzI1NiIsInR5cCI6IkpXVCJ9.eyJzZXNzaW9uX2lkIjoiNmEyMDY1MzE2MmI3NjNkYjM0ODNhZTk2IiwiZXhwIjoxNzgxMTEyNzUzfQ.H7mGTHJvcUfalJBPHJnt775uxDIAOxHGCgqtngojddk - Time: 2.19ms
[2026-06-03 13:32:33] GET /api/auth/me - Status: 401 - Cookie: None - Time: 0.44ms
[2026-06-03 13:32:33] GET /api/auth/me - Status: 401 - Cookie: None - Time: 0.41ms
[2026-06-03 13:32:33] POST /api/auth/google-login - Status: 200 - Cookie: None - Time: 7.28ms
[2026-06-03 13:32:33] GET /api/auth/me - Status: 200 - Cookie: session_id=eyJhbGciOiJIUzI1NiIsInR5cCI6IkpXVCJ9.eyJzZXNzaW9uX2lkIjoiNmEyMDY1MzE2MmI3NjNkYjM0ODNhZTk3IiwiZXhwIjoxNzgxMTEyNzUzfQ.HXU8LzCAMLt_Nz2bu_aiR1_cWsTAeTnm_OYFvgG_u-Y - Time: 4.87ms
[2026-06-03 13:32:33] POST /api/auth/logout - Status: 200 - Cookie: session_id=eyJhbGciOiJIUzI1NiIsInR5cCI6IkpXVCJ9.eyJzZXNzaW9uX2lkIjoiNmEyMDY1MzE2MmI3NjNkYjM0ODNhZTk3IiwiZXhwIjoxNzgxMTEyNzUzfQ.HXU8LzCAMLt_Nz2bu_aiR1_cWsTAeTnm_OYFvgG_u-Y - Time: 2.52ms
[2026-06-03 13:32:33] GET /api/auth/me - Status: 401 - Cookie: None - Time: 0.58ms
[2026-06-03 13:32:33] GET /api/auth/me - Status: 401 - Cookie: None - Time: 0.39ms
[2026-06-03 13:32:33] POST /api/auth/google-login - Status: 200 - Cookie: None - Time: 6.33ms
[2026-06-03 13:32:33] GET /api/auth/me - Status: 200 - Cookie: session_id=eyJhbGciOiJIUzI1NiIsInR5cCI6IkpXVCJ9.eyJzZXNzaW9uX2lkIjoiNmEyMDY1MzE2MmI3NjNkYjM0ODNhZTk4IiwiZXhwIjoxNzgxMTEyNzUzfQ.h44AGyyFv-FQ9N5QfH43b-j-A8h_O8OiFg5ZtI7Aqjs - Time: 3.10ms
[2026-06-03 13:32:33] POST /api/auth/logout - Status: 200 - Cookie: session_id=eyJhbGciOiJIUzI1NiIsInR5cCI6IkpXVCJ9.eyJzZXNzaW9uX2lkIjoiNmEyMDY1MzE2MmI3NjNkYjM0ODNhZTk4IiwiZXhwIjoxNzgxMTEyNzUzfQ.h44AGyyFv-FQ9N5QfH43b-j-A8h_O8OiFg5ZtI7Aqjs - Time: 2.12ms
[2026-06-03 13:32:33] GET /api/auth/me - Status: 401 - Cookie: None - Time: 0.50ms
[2026-06-03 13:32:33] GET /api/auth/me - Status: 401 - Cookie: None - Time: 0.40ms
[2026-06-03 13:32:33] POST /api/auth/google-login - Status: 200 - Cookie: None - Time: 5.74ms
[2026-06-03 13:32:33] GET /api/auth/me - Status: 200 - Cookie: session_id=eyJhbGciOiJIUzI1NiIsInR5cCI6IkpXVCJ9.eyJzZXNzaW9uX2lkIjoiNmEyMDY1MzE2MmI3NjNkYjM0ODNhZTk5IiwiZXhwIjoxNzgxMTEyNzUzfQ.GulcthRqeQi0Pgr5XfWhhuxLUcApuZh2CyHu_nK6Y9Q - Time: 3.91ms
[2026-06-03 13:32:33] POST /api/auth/logout - Status: 200 - Cookie: session_id=eyJhbGciOiJIUzI1NiIsInR5cCI6IkpXVCJ9.eyJzZXNzaW9uX2lkIjoiNmEyMDY1MzE2MmI3NjNkYjM0ODNhZTk5IiwiZXhwIjoxNzgxMTEyNzUzfQ.GulcthRqeQi0Pgr5XfWhhuxLUcApuZh2CyHu_nK6Y9Q - Time: 1.77ms
[2026-06-03 13:32:33] GET /api/auth/me - Status: 401 - Cookie: None - Time: 0.40ms
[2026-06-03 13:32:33] GET /api/auth/me - Status: 401 - Cookie: None - Time: 0.41ms
[2026-06-03 13:32:33] POST /api/auth/google-login - Status: 200 - Cookie: None - Time: 7.23ms
[2026-06-03 13:32:33] GET /api/auth/me - Status: 200 - Cookie: session_id=eyJhbGciOiJIUzI1NiIsInR5cCI6IkpXVCJ9.eyJzZXNzaW9uX2lkIjoiNmEyMDY1MzE2MmI3NjNkYjM0ODNhZTlhIiwiZXhwIjoxNzgxMTEyNzUzfQ.r8hdV211i0kZzPGP9jkQvQbTPu4YCR06r9_afZsUVLk - Time: 2.87ms
[2026-06-03 13:32:33] POST /api/auth/logout - Status: 200 - Cookie: session_id=eyJhbGciOiJIUzI1NiIsInR5cCI6IkpXVCJ9.eyJzZXNzaW9uX2lkIjoiNmEyMDY1MzE2MmI3NjNkYjM0ODNhZTlhIiwiZXhwIjoxNzgxMTEyNzUzfQ.r8hdV211i0kZzPGP9jkQvQbTPu4YCR06r9_afZsUVLk - Time: 1.82ms
[2026-06-03 13:32:33] GET /api/auth/me - Status: 401 - Cookie: None - Time: 0.66ms
[2026-06-03 13:32:33] GET /api/auth/me - Status: 401 - Cookie: None - Time: 0.46ms
[2026-06-03 13:32:33] POST /api/auth/google-login - Status: 200 - Cookie: None - Time: 5.86ms
[2026-06-03 13:32:33] GET /api/auth/me - Status: 200 - Cookie: session_id=eyJhbGciOiJIUzI1NiIsInR5cCI6IkpXVCJ9.eyJzZXNzaW9uX2lkIjoiNmEyMDY1MzE2MmI3NjNkYjM0ODNhZTliIiwiZXhwIjoxNzgxMTEyNzUzfQ.VxJ8bj26dzlDFheKigVlE0API9d8eoLEZl2CR_Ua5hA - Time: 2.78ms
[2026-06-03 13:32:33] POST /api/auth/logout - Status: 200 - Cookie: session_id=eyJhbGciOiJIUzI1NiIsInR5cCI6IkpXVCJ9.eyJzZXNzaW9uX2lkIjoiNmEyMDY1MzE2MmI3NjNkYjM0ODNhZTliIiwiZXhwIjoxNzgxMTEyNzUzfQ.VxJ8bj26dzlDFheKigVlE0API9d8eoLEZl2CR_Ua5hA - Time: 2.77ms
[2026-06-03 13:32:33] GET /api/auth/me - Status: 401 - Cookie: None - Time: 0.34ms
[2026-06-03 13:32:33] GET /api/auth/me - Status: 401 - Cookie: None - Time: 0.40ms
[2026-06-03 13:32:33] POST /api/auth/google-login - Status: 200 - Cookie: None - Time: 5.29ms
[2026-06-03 13:32:33] GET /api/auth/me - Status: 200 - Cookie: session_id=eyJhbGciOiJIUzI1NiIsInR5cCI6IkpXVCJ9.eyJzZXNzaW9uX2lkIjoiNmEyMDY1MzE2MmI3NjNkYjM0ODNhZTljIiwiZXhwIjoxNzgxMTEyNzUzfQ.SGb7goJZlTz1nCoZjkqdA0JTj1satQfsj4RIBrMhVms - Time: 3.36ms
[2026-06-03 13:32:33] POST /api/auth/logout - Status: 200 - Cookie: session_id=eyJhbGciOiJIUzI1NiIsInR5cCI6IkpXVCJ9.eyJzZXNzaW9uX2lkIjoiNmEyMDY1MzE2MmI3NjNkYjM0ODNhZTljIiwiZXhwIjoxNzgxMTEyNzUzfQ.SGb7goJZlTz1nCoZjkqdA0JTj1satQfsj4RIBrMhVms - Time: 2.10ms
[2026-06-03 13:32:33] GET /api/auth/me - Status: 401 - Cookie: None - Time: 0.42ms
[2026-06-03 13:32:33] GET /api/auth/me - Status: 401 - Cookie: None - Time: 0.38ms
[2026-06-03 13:32:33] POST /api/auth/google-login - Status: 200 - Cookie: None - Time: 5.11ms
[2026-06-03 13:32:33] GET /api/auth/me - Status: 200 - Cookie: session_id=eyJhbGciOiJIUzI1NiIsInR5cCI6IkpXVCJ9.eyJzZXNzaW9uX2lkIjoiNmEyMDY1MzE2MmI3NjNkYjM0ODNhZTlkIiwiZXhwIjoxNzgxMTEyNzUzfQ.e2YW_Qai4eF1fsZ7XV-ADj6vTcvr6IwSpnKgNe4Xcbk - Time: 4.36ms
[2026-06-03 13:32:33] POST /api/auth/logout - Status: 200 - Cookie: session_id=eyJhbGciOiJIUzI1NiIsInR5cCI6IkpXVCJ9.eyJzZXNzaW9uX2lkIjoiNmEyMDY1MzE2MmI3NjNkYjM0ODNhZTlkIiwiZXhwIjoxNzgxMTEyNzUzfQ.e2YW_Qai4eF1fsZ7XV-ADj6vTcvr6IwSpnKgNe4Xcbk - Time: 1.80ms
[2026-06-03 13:32:33] GET /api/auth/me - Status: 401 - Cookie: None - Time: 0.38ms
[2026-06-03 13:32:33] GET /api/auth/me - Status: 401 - Cookie: None - Time: 0.53ms
[2026-06-03 13:32:33] POST /api/auth/google-login - Status: 200 - Cookie: None - Time: 6.20ms
[2026-06-03 13:32:33] GET /api/auth/me - Status: 200 - Cookie: session_id=eyJhbGciOiJIUzI1NiIsInR5cCI6IkpXVCJ9.eyJzZXNzaW9uX2lkIjoiNmEyMDY1MzE2MmI3NjNkYjM0ODNhZTllIiwiZXhwIjoxNzgxMTEyNzUzfQ.-3ezoD9aOCok6cReXk4JI75TdcsVYOT9eJrLzJ9Hxwk - Time: 3.09ms
[2026-06-03 13:32:33] POST /api/auth/logout - Status: 200 - Cookie: session_id=eyJhbGciOiJIUzI1NiIsInR5cCI6IkpXVCJ9.eyJzZXNzaW9uX2lkIjoiNmEyMDY1MzE2MmI3NjNkYjM0ODNhZTllIiwiZXhwIjoxNzgxMTEyNzUzfQ.-3ezoD9aOCok6cReXk4JI75TdcsVYOT9eJrLzJ9Hxwk - Time: 1.96ms
[2026-06-03 13:32:33] GET /api/auth/me - Status: 401 - Cookie: None - Time: 0.51ms
[2026-06-03 13:32:33] GET /api/auth/me - Status: 401 - Cookie: None - Time: 0.55ms
[2026-06-03 13:32:33] POST /api/auth/google-login - Status: 200 - Cookie: None - Time: 6.16ms
[2026-06-03 13:32:33] GET /api/auth/me - Status: 200 - Cookie: session_id=eyJhbGciOiJIUzI1NiIsInR5cCI6IkpXVCJ9.eyJzZXNzaW9uX2lkIjoiNmEyMDY1MzE2MmI3NjNkYjM0ODNhZTlmIiwiZXhwIjoxNzgxMTEyNzUzfQ.povk_187GvlponBKkqM4uxabgSWCKv8q1b6hF2eZRTs - Time: 3.07ms
[2026-06-03 13:32:33] POST /api/auth/logout - Status: 200 - Cookie: session_id=eyJhbGciOiJIUzI1NiIsInR5cCI6IkpXVCJ9.eyJzZXNzaW9uX2lkIjoiNmEyMDY1MzE2MmI3NjNkYjM0ODNhZTlmIiwiZXhwIjoxNzgxMTEyNzUzfQ.povk_187GvlponBKkqM4uxabgSWCKv8q1b6hF2eZRTs - Time: 2.54ms
[2026-06-03 13:32:33] GET /api/auth/me - Status: 401 - Cookie: None - Time: 0.45ms
